2016-09-09 21:07:46,522 p=20441 u=dhamann |   [WARNING]: Optional dependency 'cryptography' raised an exception, falling back to 'Crypto'

2016-09-09 21:07:46,560 p=20441 u=dhamann |  Using /home/dhamann/ansible/ansible.cfg as config file
2016-09-09 21:07:46,607 p=20441 u=dhamann |  Loading callback plugin default of type stdout, v2.0 from /home/dhamann/.ansible/local/lib/python2.7/site-packages/ansible/plugins/callback/__init__.pyc
2016-09-09 21:07:46,621 p=20441 u=dhamann |  PLAYBOOK: ios_template.yaml ****************************************************
2016-09-09 21:07:46,621 p=20441 u=dhamann |  1 plays in ios_template.yaml
2016-09-09 21:07:46,624 p=20441 u=dhamann |  PLAY [csr] *********************************************************************
2016-09-09 21:07:46,641 p=20441 u=dhamann |  TASK [change_hostname] *********************************************************
2016-09-09 21:07:46,641 p=20441 u=dhamann |  task path: /home/dhamann/ansible/ios_template.yaml:7
2016-09-09 21:07:46,809 p=20441 u=dhamann |  Using module file /home/dhamann/.ansible/local/lib/python2.7/site-packages/ansible/modules/core/network/ios/ios_template.py
2016-09-09 21:07:49,896 p=20441 u=dhamann |  fatal: [csr1000v]: UNREACHABLE! => {
    "changed": false, 
    "msg": "Failed to connect to the host via ssh.", 
    "unreachable": true
}
2016-09-09 21:07:49,901 p=20441 u=dhamann |  	to retry, use: --limit @ios_template.retry

2016-09-09 21:07:49,901 p=20441 u=dhamann |  PLAY RECAP *********************************************************************
2016-09-09 21:07:49,901 p=20441 u=dhamann |  csr1000v                   : ok=0    changed=0    unreachable=1    failed=0   
2016-09-09 21:08:35,679 p=20465 u=dhamann |  Using /home/dhamann/ansible/ansible.cfg as config file
2016-09-09 21:08:35,733 p=20465 u=dhamann |  Loading callback plugin default of type stdout, v2.0 from /home/dhamann/.ansible/local/lib/python2.7/site-packages/ansible/plugins/callback/__init__.pyc
2016-09-09 21:08:35,746 p=20465 u=dhamann |  PLAYBOOK: ios_template.yaml ****************************************************
2016-09-09 21:08:35,748 p=20465 u=dhamann |  1 plays in ios_template.yaml
2016-09-09 21:08:35,751 p=20465 u=dhamann |  PLAY [csr] *********************************************************************
2016-09-09 21:08:35,766 p=20465 u=dhamann |  TASK [change_hostname] *********************************************************
2016-09-09 21:08:35,766 p=20465 u=dhamann |  task path: /home/dhamann/ansible/ios_template.yaml:7
2016-09-09 21:08:35,944 p=20465 u=dhamann |  Using module file /home/dhamann/.ansible/local/lib/python2.7/site-packages/ansible/modules/core/network/ios/ios_template.py
2016-09-09 21:08:39,208 p=20465 u=dhamann |  fatal: [csr1000v]: UNREACHABLE! => {
    "changed": false, 
    "msg": "Failed to connect to the host via ssh.", 
    "unreachable": true
}
2016-09-09 21:08:39,211 p=20465 u=dhamann |  	to retry, use: --limit @ios_template.retry

2016-09-09 21:08:39,211 p=20465 u=dhamann |  PLAY RECAP *********************************************************************
2016-09-09 21:08:39,211 p=20465 u=dhamann |  csr1000v                   : ok=0    changed=0    unreachable=1    failed=0   
2016-09-09 21:13:05,996 p=20514 u=dhamann |  Using /home/dhamann/ansible/ansible.cfg as config file
2016-09-09 21:13:06,049 p=20514 u=dhamann |  Loading callback plugin default of type stdout, v2.0 from /home/dhamann/.ansible/local/lib/python2.7/site-packages/ansible/plugins/callback/__init__.pyc
2016-09-09 21:13:06,064 p=20514 u=dhamann |  PLAYBOOK: ios_template.yaml ****************************************************
2016-09-09 21:13:06,064 p=20514 u=dhamann |  1 plays in ios_template.yaml
2016-09-09 21:13:06,067 p=20514 u=dhamann |  PLAY [csr] *********************************************************************
2016-09-09 21:13:06,083 p=20514 u=dhamann |  TASK [change_hostname] *********************************************************
2016-09-09 21:13:06,083 p=20514 u=dhamann |  task path: /home/dhamann/ansible/ios_template.yaml:7
2016-09-09 21:13:06,386 p=20514 u=dhamann |  Using module file /home/dhamann/.ansible/local/lib/python2.7/site-packages/ansible/modules/core/network/ios/ios_template.py
2016-09-09 21:13:09,639 p=20514 u=dhamann |  fatal: [csr1000v]: UNREACHABLE! => {
    "changed": false, 
    "msg": "Authentication failed.", 
    "unreachable": true
}
2016-09-09 21:13:09,643 p=20514 u=dhamann |  	to retry, use: --limit @ios_template.retry

2016-09-09 21:13:09,643 p=20514 u=dhamann |  PLAY RECAP *********************************************************************
2016-09-09 21:13:09,643 p=20514 u=dhamann |  csr1000v                   : ok=0    changed=0    unreachable=1    failed=0   
2016-09-09 21:13:36,234 p=20527 u=dhamann |  Using /home/dhamann/ansible/ansible.cfg as config file
2016-09-09 21:13:36,285 p=20527 u=dhamann |  Loading callback plugin default of type stdout, v2.0 from /home/dhamann/.ansible/local/lib/python2.7/site-packages/ansible/plugins/callback/__init__.pyc
2016-09-09 21:13:36,298 p=20527 u=dhamann |  PLAYBOOK: ios_template.yaml ****************************************************
2016-09-09 21:13:36,298 p=20527 u=dhamann |  1 plays in ios_template.yaml
2016-09-09 21:13:36,301 p=20527 u=dhamann |  PLAY [csr] *********************************************************************
2016-09-09 21:13:36,317 p=20527 u=dhamann |  TASK [change_hostname] *********************************************************
2016-09-09 21:13:36,317 p=20527 u=dhamann |  task path: /home/dhamann/ansible/ios_template.yaml:7
2016-09-09 21:13:36,490 p=20527 u=dhamann |  Using module file /home/dhamann/.ansible/local/lib/python2.7/site-packages/ansible/modules/core/network/ios/ios_template.py
2016-09-09 21:13:36,676 p=20527 u=dhamann |  fatal: [csr1000v]: FAILED! => {
    "changed": false, 
    "failed": true, 
    "invocation": {
        "module_args": {
            "auth_pass": null, 
            "authorize": false, 
            "backup": false, 
            "config": null, 
            "force": false, 
            "host": "168.128.7.200", 
            "include_defaults": true, 
            "password": "VALUE_SPECIFIED_IN_NO_LOG_PARAMETER", 
            "port": null, 
            "provider": null, 
            "src": "hostname 168.128.7.200 \n", 
            "ssh_keyfile": null, 
            "timeout": 10, 
            "transport": null, 
            "use_ssl": true, 
            "username": "admin", 
            "validate_certs": true
        }
    }, 
    "msg": "paramiko is required but does not appear to be installed.  It can be installed using  `pip install paramiko`"
}
2016-09-09 21:13:36,678 p=20527 u=dhamann |  	to retry, use: --limit @ios_template.retry

2016-09-09 21:13:36,678 p=20527 u=dhamann |  PLAY RECAP *********************************************************************
2016-09-09 21:13:36,678 p=20527 u=dhamann |  csr1000v                   : ok=0    changed=0    unreachable=0    failed=1   
2016-09-09 21:17:37,383 p=20561 u=dhamann |  Using /home/dhamann/ansible/ansible.cfg as config file
2016-09-09 21:17:37,432 p=20561 u=dhamann |  Loading callback plugin default of type stdout, v2.0 from /home/dhamann/.ansible/local/lib/python2.7/site-packages/ansible/plugins/callback/__init__.pyc
2016-09-09 21:17:37,446 p=20561 u=dhamann |  PLAYBOOK: ios_template.yaml ****************************************************
2016-09-09 21:17:37,446 p=20561 u=dhamann |  1 plays in ios_template.yaml
2016-09-09 21:17:37,449 p=20561 u=dhamann |  PLAY [csr] *********************************************************************
2016-09-09 21:17:37,465 p=20561 u=dhamann |  TASK [change_hostname] *********************************************************
2016-09-09 21:17:37,465 p=20561 u=dhamann |  task path: /home/dhamann/ansible/ios_template.yaml:7
2016-09-09 21:17:37,641 p=20561 u=dhamann |  Using module file /home/dhamann/.ansible/local/lib/python2.7/site-packages/ansible/modules/core/network/ios/ios_template.py
2016-09-09 21:17:37,820 p=20561 u=dhamann |  fatal: [csr1000v]: FAILED! => {
    "changed": false, 
    "failed": true, 
    "invocation": {
        "module_args": {
            "auth_pass": null, 
            "authorize": false, 
            "backup": false, 
            "config": null, 
            "force": false, 
            "host": "168.128.7.200", 
            "include_defaults": true, 
            "password": "VALUE_SPECIFIED_IN_NO_LOG_PARAMETER", 
            "port": null, 
            "provider": null, 
            "src": "hostname 168.128.7.200 \n", 
            "ssh_keyfile": null, 
            "timeout": 10, 
            "transport": null, 
            "use_ssl": true, 
            "username": "admin", 
            "validate_certs": true
        }
    }, 
    "msg": "paramiko is required but does not appear to be installed.  It can be installed using  `pip install paramiko`"
}
2016-09-09 21:17:37,823 p=20561 u=dhamann |  	to retry, use: --limit @ios_template.retry

2016-09-09 21:17:37,824 p=20561 u=dhamann |  PLAY RECAP *********************************************************************
2016-09-09 21:17:37,824 p=20561 u=dhamann |  csr1000v                   : ok=0    changed=0    unreachable=0    failed=1   
2016-09-09 21:18:10,565 p=20592 u=dhamann |  Using /home/dhamann/ansible/ansible.cfg as config file
2016-09-09 21:18:10,613 p=20592 u=dhamann |  Loading callback plugin default of type stdout, v2.0 from /home/dhamann/.ansible/local/lib/python2.7/site-packages/ansible/plugins/callback/__init__.pyc
2016-09-09 21:18:10,625 p=20592 u=dhamann |  PLAYBOOK: ios_template.yaml ****************************************************
2016-09-09 21:18:10,626 p=20592 u=dhamann |  1 plays in ios_template.yaml
2016-09-09 21:18:10,629 p=20592 u=dhamann |  PLAY [csr] *********************************************************************
2016-09-09 21:18:10,645 p=20592 u=dhamann |  TASK [change_hostname] *********************************************************
2016-09-09 21:18:10,645 p=20592 u=dhamann |  task path: /home/dhamann/ansible/ios_template.yaml:7
2016-09-09 21:18:10,817 p=20592 u=dhamann |  Using module file /home/dhamann/.ansible/local/lib/python2.7/site-packages/ansible/modules/core/network/ios/ios_template.py
2016-09-09 21:18:10,992 p=20592 u=dhamann |  fatal: [csr1000v]: FAILED! => {
    "changed": false, 
    "failed": true, 
    "invocation": {
        "module_args": {
            "auth_pass": null, 
            "authorize": false, 
            "backup": false, 
            "config": null, 
            "force": false, 
            "host": "168.128.7.200", 
            "include_defaults": true, 
            "password": "VALUE_SPECIFIED_IN_NO_LOG_PARAMETER", 
            "port": null, 
            "provider": null, 
            "src": "hostname 168.128.7.200 \n", 
            "ssh_keyfile": null, 
            "timeout": 10, 
            "transport": null, 
            "use_ssl": true, 
            "username": "admin", 
            "validate_certs": true
        }
    }, 
    "msg": "paramiko is required but does not appear to be installed.  It can be installed using  `pip install paramiko`"
}
2016-09-09 21:18:10,995 p=20592 u=dhamann |  	to retry, use: --limit @ios_template.retry

2016-09-09 21:18:10,996 p=20592 u=dhamann |  PLAY RECAP *********************************************************************
2016-09-09 21:18:10,996 p=20592 u=dhamann |  csr1000v                   : ok=0    changed=0    unreachable=0    failed=1   
2016-09-09 21:18:16,011 p=20623 u=dhamann |  Using /home/dhamann/ansible/ansible.cfg as config file
2016-09-09 21:18:16,072 p=20623 u=dhamann |  PLAY [csr] *********************************************************************
2016-09-09 21:18:16,089 p=20623 u=dhamann |  TASK [change_hostname] *********************************************************
2016-09-09 21:18:16,425 p=20623 u=dhamann |  fatal: [csr1000v]: FAILED! => {"changed": false, "failed": true, "msg": "paramiko is required but does not appear to be installed.  It can be installed using  `pip install paramiko`"}
2016-09-09 21:18:16,429 p=20623 u=dhamann |  	to retry, use: --limit @ios_template.retry

2016-09-09 21:18:16,429 p=20623 u=dhamann |  PLAY RECAP *********************************************************************
2016-09-09 21:18:16,429 p=20623 u=dhamann |  csr1000v                   : ok=0    changed=0    unreachable=0    failed=1   
2016-09-09 21:18:20,482 p=20654 u=dhamann |  Using /home/dhamann/ansible/ansible.cfg as config file
2016-09-09 21:18:20,540 p=20654 u=dhamann |  PLAYBOOK: ios_template.yaml ****************************************************
2016-09-09 21:18:20,540 p=20654 u=dhamann |  1 plays in ios_template.yaml
2016-09-09 21:18:20,543 p=20654 u=dhamann |  PLAY [csr] *********************************************************************
2016-09-09 21:18:20,557 p=20654 u=dhamann |  TASK [change_hostname] *********************************************************
2016-09-09 21:18:20,558 p=20654 u=dhamann |  task path: /home/dhamann/ansible/ios_template.yaml:7
2016-09-09 21:18:20,889 p=20654 u=dhamann |  fatal: [csr1000v]: FAILED! => {"changed": false, "failed": true, "msg": "paramiko is required but does not appear to be installed.  It can be installed using  `pip install paramiko`"}
2016-09-09 21:18:20,891 p=20654 u=dhamann |  	to retry, use: --limit @ios_template.retry

2016-09-09 21:18:20,891 p=20654 u=dhamann |  PLAY RECAP *********************************************************************
2016-09-09 21:18:20,892 p=20654 u=dhamann |  csr1000v                   : ok=0    changed=0    unreachable=0    failed=1   
2016-09-09 21:18:23,541 p=20685 u=dhamann |  Using /home/dhamann/ansible/ansible.cfg as config file
2016-09-09 21:18:23,600 p=20685 u=dhamann |  PLAYBOOK: ios_template.yaml ****************************************************
2016-09-09 21:18:23,600 p=20685 u=dhamann |  1 plays in ios_template.yaml
2016-09-09 21:18:23,603 p=20685 u=dhamann |  PLAY [csr] *********************************************************************
2016-09-09 21:18:23,618 p=20685 u=dhamann |  TASK [change_hostname] *********************************************************
2016-09-09 21:18:23,618 p=20685 u=dhamann |  task path: /home/dhamann/ansible/ios_template.yaml:7
2016-09-09 21:18:23,785 p=20685 u=dhamann |  Using module file /home/dhamann/.ansible/local/lib/python2.7/site-packages/ansible/modules/core/network/ios/ios_template.py
2016-09-09 21:18:23,958 p=20685 u=dhamann |  fatal: [csr1000v]: FAILED! => {
    "changed": false, 
    "failed": true, 
    "invocation": {
        "module_args": {
            "auth_pass": null, 
            "authorize": false, 
            "backup": false, 
            "config": null, 
            "force": false, 
            "host": "168.128.7.200", 
            "include_defaults": true, 
            "password": "VALUE_SPECIFIED_IN_NO_LOG_PARAMETER", 
            "port": null, 
            "provider": null, 
            "src": "hostname 168.128.7.200 \n", 
            "ssh_keyfile": null, 
            "timeout": 10, 
            "transport": null, 
            "use_ssl": true, 
            "username": "admin", 
            "validate_certs": true
        }
    }, 
    "msg": "paramiko is required but does not appear to be installed.  It can be installed using  `pip install paramiko`"
}
2016-09-09 21:18:23,960 p=20685 u=dhamann |  	to retry, use: --limit @ios_template.retry

2016-09-09 21:18:23,960 p=20685 u=dhamann |  PLAY RECAP *********************************************************************
2016-09-09 21:18:23,960 p=20685 u=dhamann |  csr1000v                   : ok=0    changed=0    unreachable=0    failed=1   
2016-09-09 21:24:03,164 p=21026 u=dhamann |  Using /home/dhamann/ansible/ansible.cfg as config file
2016-09-09 21:24:03,228 p=21026 u=dhamann |  PLAYBOOK: ios_template.yaml ****************************************************
2016-09-09 21:24:03,229 p=21026 u=dhamann |  1 plays in ios_template.yaml
2016-09-09 21:24:03,232 p=21026 u=dhamann |  PLAY [csr] *********************************************************************
2016-09-09 21:24:03,249 p=21026 u=dhamann |  TASK [change_hostname] *********************************************************
2016-09-09 21:24:03,249 p=21026 u=dhamann |  task path: /home/dhamann/ansible/ios_template.yaml:7
2016-09-09 21:24:03,426 p=21026 u=dhamann |  Using module file /home/dhamann/.ansible/local/lib/python2.7/site-packages/ansible/modules/core/network/ios/ios_template.py
2016-09-09 21:24:26,150 p=21026 u=dhamann |  ok: [csr1000v] => {
    "changed": false, 
    "invocation": {
        "module_args": {
            "auth_pass": null, 
            "authorize": false, 
            "backup": false, 
            "config": null, 
            "force": false, 
            "host": "168.128.7.200", 
            "include_defaults": true, 
            "password": "VALUE_SPECIFIED_IN_NO_LOG_PARAMETER", 
            "port": null, 
            "provider": null, 
            "src": "hostname 168.128.7.200 \n", 
            "ssh_keyfile": null, 
            "timeout": 10, 
            "transport": null, 
            "use_ssl": true, 
            "username": "admin", 
            "validate_certs": true
        }
    }, 
    "updates": []
}
2016-09-09 21:24:26,153 p=21026 u=dhamann |  TASK [debug] *******************************************************************
2016-09-09 21:24:26,153 p=21026 u=dhamann |  task path: /home/dhamann/ansible/ios_template.yaml:15
2016-09-09 21:24:26,180 p=21026 u=dhamann |  ok: [csr1000v] => {
    "template": {
        "changed": false, 
        "updates": []
    }
}
2016-09-09 21:24:26,182 p=21026 u=dhamann |  PLAY RECAP *********************************************************************
2016-09-09 21:24:26,182 p=21026 u=dhamann |  csr1000v                   : ok=2    changed=0    unreachable=0    failed=0   
